<?xml version="1.0" encoding="UTF-8"?>
<!-- Generated by org.testng.reporters.JUnitReportReporter -->
<testsuite hostname="ad-PC" name="QardDeck.com.check" tests="2" failures="0" timestamp="27 Jun 2016 04:52:10 GMT" time="0.012" errors="0">
  <testcase name="A" time="0.010" classname="QardDeck.com.check"/>
  <testcase name="B" time="0.002" classname="QardDeck.com.check"/>
</testsuite> <!-- QardDeck.com.check -->
