<?xml version="1.0" encoding="UTF-8"?>
<!-- Generated by org.testng.reporters.JUnitReportReporter -->
<testsuite hostname="ad-PC" name="QardDeck.com.Signup" tests="8" failures="0" timestamp="23 Jun 2016 09:15:20 GMT" time="110.369" errors="0">
  <testcase name="checkSignin" time="13.912" classname="QardDeck.com.Signup"/>
  <testcase name="editdata" time="25.588" classname="QardDeck.com.Signup"/>
  <testcase name="checkSignin" time="7.447" classname="QardDeck.com.Signup"/>
  <testcase name="checkSignin" time="9.925" classname="QardDeck.com.Signup"/>
  <testcase name="editsignup" time="21.852" classname="QardDeck.com.Signup"/>
  <testcase name="checkSignin" time="11.213" classname="QardDeck.com.Signup"/>
  <testcase name="checkSignin" time="14.067" classname="QardDeck.com.Signup"/>
  <testcase name="checkSignin" time="6.365" classname="QardDeck.com.Signup"/>
</testsuite> <!-- QardDeck.com.Signup -->
